INFO: [HLS 200-10] Running '/tools/Xilinx/Vitis_HLS/2023.2/bin/unwrapped/lnx64.o/vitis_hls'
INFO: [HLS 200-10] For user 'jam' on host 'jam-Precision-5510' (Linux_x86_64 version 6.5.0-44-generic) on Wed Sep 04 14:07:14 PKT 2024
INFO: [HLS 200-10] On os Ubuntu 22.04.4 LTS
INFO: [HLS 200-10] In directory '/home/jam/Downloads/FaceDetection/Face_Detection/facedetection_HLS'
INFO: [HLS 200-2053] The vitis_hls executable is being deprecated. Consider using vitis-run --mode hls --tcl
Sourcing Tcl script '/home/jam/Downloads/FaceDetection/Face_Detection/facedetection_HLS/face_detection/solution1/csim.tcl'
INFO: [HLS 200-1510] Running: source /home/jam/Downloads/FaceDetection/Face_Detection/facedetection_HLS/face_detection/solution1/csim.tcl
INFO: [HLS 200-1510] Running: open_project face_detection 
INFO: [HLS 200-10] Opening project '/home/jam/Downloads/FaceDetection/Face_Detection/facedetection_HLS/face_detection'.
INFO: [HLS 200-1510] Running: set_top detectFaces 
INFO: [HLS 200-1510] Running: add_files ../source/haar.cpp 
INFO: [HLS 200-10] Adding design file '../source/haar.cpp' to the project
INFO: [HLS 200-1510] Running: add_files -tb ../source/image.cpp 
INFO: [HLS 200-10] Adding test bench file '../source/image.cpp' to the project
INFO: [HLS 200-1510] Running: add_files -tb ../source/main.cpp 
INFO: [HLS 200-10] Adding test bench file '../source/main.cpp' to the project
INFO: [HLS 200-1510] Running: open_solution solution1 -flow_target vivado 
INFO: [HLS 200-10] Opening solution '/home/jam/Downloads/FaceDetection/Face_Detection/facedetection_HLS/face_detection/solution1'.
INFO: [SYN 201-201] Setting up clock 'default' with a period of 10ns.
INFO: [HLS 200-1611] Setting target device to 'xc7a50ti-csg324-1L'
INFO: [HLS 200-1505] Using flow_target 'vivado'
Resolution: For help on HLS 200-1505 see docs.xilinx.com/access/sources/dita/topic?Doc_Version=2023.2%20English&url=ug1448-hls-guidance&resourceid=200-1505.html
INFO: [HLS 200-1510] Running: set_part xc7a50ticsg324-1L 
INFO: [HLS 200-1510] Running: create_clock -period 10 -name default 
INFO: [SYN 201-201] Setting up clock 'default' with a period of 10ns.
INFO: [HLS 200-1510] Running: source ./face_detection/solution1/directives.tcl
INFO: [HLS 200-1510] Running: set_directive_top -name detectFaces detectFaces 
INFO: [HLS 200-1510] Running: csim_design -quiet 
INFO: [SIM 211-2] *************** CSIM start ***************
INFO: [SIM 211-4] CSIM will launch GCC as the compiler.
INFO: [HLS 200-2036] Building debug C Simulation binaries
   Compiling ../../../../../source/image.cpp in debug mode
   Compiling ../../../../../source/main.cpp in debug mode
   Compiling ../../../../../source/haar.cpp in debug mode
   Generating csim.exe
-- entering main function --
-- loading image --
-- detecting faces --

result_size = 44
 [Test Bench (main) ] detected rects: 50 89 35 35
 [Test Bench (main) ] detected rects: 48 91 35 35
 [Test Bench (main) ] detected rects: 49 91 35 35
 [Test Bench (main) ] detected rects: 50 91 35 35
 [Test Bench (main) ] detected rects: 48 92 35 35
 [Test Bench (main) ] detected rects: 98 94 35 35
 [Test Bench (main) ] detected rects: 43 86 41 41
 [Test Bench (main) ] detected rects: 45 86 41 41
 [Test Bench (main) ] detected rects: 47 86 41 41
 [Test Bench (main) ] detected rects: 48 86 41 41
 [Test Bench (main) ] detected rects: 140 86 41 41
 [Test Bench (main) ] detected rects: 173 86 41 41
 [Test Bench (main) ] detected rects: 175 86 41 41
 [Test Bench (main) ] detected rects: 176 86 41 41
 [Test Bench (main) ] detected rects: 43 88 41 41
 [Test Bench (main) ] detected rects: 45 88 41 41
 [Test Bench (main) ] detected rects: 47 88 41 41
 [Test Bench (main) ] detected rects: 48 88 41 41
 [Test Bench (main) ] detected rects: 92 88 41 41
 [Test Bench (main) ] detected rects: 93 88 41 41
 [Test Bench (main) ] detected rects: 92 90 41 41
 [Test Bench (main) ] detected rects: 41 81 50 50
 [Test Bench (main) ] detected rects: 131 81 50 50
 [Test Bench (main) ] detected rects: 133 81 50 50
 [Test Bench (main) ] detected rects: 172 81 50 50
 [Test Bench (main) ] detected rects: 41 83 50 50
 [Test Bench (main) ] detected rects: 44 83 50 50
 [Test Bench (main) ] detected rects: 131 83 50 50
 [Test Bench (main) ] detected rects: 133 83 50 50
 [Test Bench (main) ] detected rects: 135 83 50 50
 [Test Bench (main) ] detected rects: 170 83 50 50
 [Test Bench (main) ] detected rects: 89 85 50 50
 [Test Bench (main) ] detected rects: 91 85 50 50
 [Test Bench (main) ] detected rects: 133 85 50 50
 [Test Bench (main) ] detected rects: 127 75 60 60
 [Test Bench (main) ] detected rects: 124 77 60 60
 [Test Bench (main) ] detected rects: 127 77 60 60
 [Test Bench (main) ] detected rects: 129 77 60 60
 [Test Bench (main) ] detected rects: 124 80 60 60
 [Test Bench (main) ] detected rects: 127 80 60 60
 [Test Bench (main) ] detected rects: 129 80 60 60
 [Test Bench (main) ] detected rects: 127 82 60 60
 [Test Bench (main) ] detected rects: 129 82 60 60
 [Test Bench (main) ] detected rects: 119 72 72 72
-- saving output image [Start] --

-- saving output image [Done] --
DURATION: 303.746454INFO: [SIM 211-1] CSim done with 0 errors.
INFO: [SIM 211-3] *************** CSIM finish ***************
INFO: [HLS 200-111] Finished Command csim_design CPU user time: 323.19 seconds. CPU system time: 2.19 seconds. Elapsed time: 325.54 seconds; current allocated memory: 0.000 MB.
INFO: [HLS 200-112] Total CPU user time: 332.95 seconds. Total CPU system time: 3.48 seconds. Total elapsed time: 335.58 seconds; peak allocated memory: 312.195 MB.
