INFO: [SIM 2] *************** CSIM start ***************
INFO: [SIM 4] CSIM will launch GCC as the compiler.
   Compiling ../../../../../source/image.cpp in debug mode
   Compiling ../../../../../source/main.cpp in debug mode
   Compiling ../../../../../source/haar.cpp in debug mode
   Generating csim.exe
-- entering main function --
-- loading image --
-- detecting faces --

result_size = 44
 [Test Bench (main) ] detected rects: 50 89 35 35
 [Test Bench (main) ] detected rects: 48 91 35 35
 [Test Bench (main) ] detected rects: 49 91 35 35
 [Test Bench (main) ] detected rects: 50 91 35 35
 [Test Bench (main) ] detected rects: 48 92 35 35
 [Test Bench (main) ] detected rects: 98 94 35 35
 [Test Bench (main) ] detected rects: 43 86 41 41
 [Test Bench (main) ] detected rects: 45 86 41 41
 [Test Bench (main) ] detected rects: 47 86 41 41
 [Test Bench (main) ] detected rects: 48 86 41 41
 [Test Bench (main) ] detected rects: 140 86 41 41
 [Test Bench (main) ] detected rects: 173 86 41 41
 [Test Bench (main) ] detected rects: 175 86 41 41
 [Test Bench (main) ] detected rects: 176 86 41 41
 [Test Bench (main) ] detected rects: 43 88 41 41
 [Test Bench (main) ] detected rects: 45 88 41 41
 [Test Bench (main) ] detected rects: 47 88 41 41
 [Test Bench (main) ] detected rects: 48 88 41 41
 [Test Bench (main) ] detected rects: 92 88 41 41
 [Test Bench (main) ] detected rects: 93 88 41 41
 [Test Bench (main) ] detected rects: 92 90 41 41
 [Test Bench (main) ] detected rects: 41 81 50 50
 [Test Bench (main) ] detected rects: 131 81 50 50
 [Test Bench (main) ] detected rects: 133 81 50 50
 [Test Bench (main) ] detected rects: 172 81 50 50
 [Test Bench (main) ] detected rects: 41 83 50 50
 [Test Bench (main) ] detected rects: 44 83 50 50
 [Test Bench (main) ] detected rects: 131 83 50 50
 [Test Bench (main) ] detected rects: 133 83 50 50
 [Test Bench (main) ] detected rects: 135 83 50 50
 [Test Bench (main) ] detected rects: 170 83 50 50
 [Test Bench (main) ] detected rects: 89 85 50 50
 [Test Bench (main) ] detected rects: 91 85 50 50
 [Test Bench (main) ] detected rects: 133 85 50 50
 [Test Bench (main) ] detected rects: 127 75 60 60
 [Test Bench (main) ] detected rects: 124 77 60 60
 [Test Bench (main) ] detected rects: 127 77 60 60
 [Test Bench (main) ] detected rects: 129 77 60 60
 [Test Bench (main) ] detected rects: 124 80 60 60
 [Test Bench (main) ] detected rects: 127 80 60 60
 [Test Bench (main) ] detected rects: 129 80 60 60
 [Test Bench (main) ] detected rects: 127 82 60 60
 [Test Bench (main) ] detected rects: 129 82 60 60
 [Test Bench (main) ] detected rects: 119 72 72 72
-- saving output image [Start] --

-- saving output image [Done] --
DURATION: 303.746454
INFO: [SIM 1] CSim done with 0 errors.
INFO: [SIM 3] *************** CSIM finish ***************
