/home/jam/Downloads/FaceDetection/Face_Detection/facedetection_HLS/face_detection/solution1/.autopilot/db/haar.pp.0.cpp:1322:7: warning: Added loop label VITIS_LOOP_1207_1:   [xilinx-label-all-loops]
      for (i = 0; i < __N - 1; ++i) {
      ^~~
      VITIS_LOOP_1207_1: 
/home/jam/Downloads/FaceDetection/Face_Detection/facedetection_HLS/face_detection/solution1/.autopilot/db/haar.pp.0.cpp:1322:7: note: FIX-IT applied suggested code changes
/home/jam/Downloads/FaceDetection/Face_Detection/facedetection_HLS/face_detection/solution1/.autopilot/db/haar.pp.0.cpp:2296:5: warning: Added loop label VITIS_LOOP_676_1:   [xilinx-label-all-loops]
    for (unsigned i = low; i != high; ++i) {
    ^~~
    VITIS_LOOP_676_1: 
/home/jam/Downloads/FaceDetection/Face_Detection/facedetection_HLS/face_detection/solution1/.autopilot/db/haar.pp.0.cpp:2296:5: note: FIX-IT applied suggested code changes
/home/jam/Downloads/FaceDetection/Face_Detection/facedetection_HLS/face_detection/solution1/.autopilot/db/haar.pp.0.cpp:2310:5: warning: Added loop label VITIS_LOOP_690_1:   [xilinx-label-all-loops]
    for (unsigned i = low; i != high; ++i) {
    ^~~
    VITIS_LOOP_690_1: 
/home/jam/Downloads/FaceDetection/Face_Detection/facedetection_HLS/face_detection/solution1/.autopilot/db/haar.pp.0.cpp:2310:5: note: FIX-IT applied suggested code changes
/home/jam/Downloads/FaceDetection/Face_Detection/facedetection_HLS/face_detection/solution1/.autopilot/db/haar.pp.0.cpp:2324:5: warning: Added loop label VITIS_LOOP_704_1:   [xilinx-label-all-loops]
    for (unsigned i = low; i != high; ++i) {
    ^~~
    VITIS_LOOP_704_1: 
/home/jam/Downloads/FaceDetection/Face_Detection/facedetection_HLS/face_detection/solution1/.autopilot/db/haar.pp.0.cpp:2324:5: note: FIX-IT applied suggested code changes
/home/jam/Downloads/FaceDetection/Face_Detection/facedetection_HLS/face_detection/solution1/.autopilot/db/haar.pp.0.cpp:3953:7: warning: Added loop label VITIS_LOOP_1247_1:   [xilinx-label-all-loops]
      for (i = 0; i < __N - 1; ++i) {
      ^~~
      VITIS_LOOP_1247_1: 
/home/jam/Downloads/FaceDetection/Face_Detection/facedetection_HLS/face_detection/solution1/.autopilot/db/haar.pp.0.cpp:3953:7: note: FIX-IT applied suggested code changes
/home/jam/Downloads/FaceDetection/Face_Detection/facedetection_HLS/face_detection/solution1/.autopilot/db/haar.pp.0.cpp:115498:3: warning: Added loop label VITIS_LOOP_1034_1:   [xilinx-label-all-loops]
  for (int i = 0; i < 12; i ++ )
  ^~~
  VITIS_LOOP_1034_1: 
/home/jam/Downloads/FaceDetection/Face_Detection/facedetection_HLS/face_detection/solution1/.autopilot/db/haar.pp.0.cpp:115498:3: note: FIX-IT applied suggested code changes
/home/jam/Downloads/FaceDetection/Face_Detection/facedetection_HLS/face_detection/solution1/.autopilot/db/haar.pp.0.cpp:117303:5: warning: Added loop label VITIS_LOOP_2850_1:   [xilinx-label-all-loops]
    for( j = 0; j < 320; j++){
    ^~~
    VITIS_LOOP_2850_1: 
/home/jam/Downloads/FaceDetection/Face_Detection/facedetection_HLS/face_detection/solution1/.autopilot/db/haar.pp.0.cpp:117303:5: note: FIX-IT applied suggested code changes
/home/jam/Downloads/FaceDetection/Face_Detection/facedetection_HLS/face_detection/solution1/.autopilot/db/haar.pp.0.cpp:117308:7: warning: Added loop label VITIS_LOOP_2855_2:   [xilinx-label-all-loops]
      for ( i = 0; i < 100; i++){
      ^~~
      VITIS_LOOP_2855_2: 
/home/jam/Downloads/FaceDetection/Face_Detection/facedetection_HLS/face_detection/solution1/.autopilot/db/haar.pp.0.cpp:117308:7: note: FIX-IT applied suggested code changes
/home/jam/Downloads/FaceDetection/Face_Detection/facedetection_HLS/face_detection/solution1/.autopilot/db/haar.pp.0.cpp:117375:4: warning: Added loop label VITIS_LOOP_2922_3:   [xilinx-label-all-loops]
   for ( i = 0; i < 100; i++){
   ^~~
   VITIS_LOOP_2922_3: 
/home/jam/Downloads/FaceDetection/Face_Detection/facedetection_HLS/face_detection/solution1/.autopilot/db/haar.pp.0.cpp:117375:4: note: FIX-IT applied suggested code changes
/home/jam/Downloads/FaceDetection/Face_Detection/facedetection_HLS/face_detection/solution1/.autopilot/db/haar.pp.0.cpp:117834:7: warning: Added loop label VITIS_LOOP_3337_1:   [xilinx-label-all-loops]
      for ( k = 0; k < 12; k++ ){
      ^~~
      VITIS_LOOP_3337_1: 
/home/jam/Downloads/FaceDetection/Face_Detection/facedetection_HLS/face_detection/solution1/.autopilot/db/haar.pp.0.cpp:117834:7: note: FIX-IT applied suggested code changes
