

================================================================
== Vitis HLS Report for 'detectFaces'
================================================================
* Date:           Wed Sep  4 13:52:55 2024

* Version:        2023.2 (Build 4023990 on Oct 11 2023)
* Project:        face_detection
* Solution:       solution1 (Vivado IP Flow Target)
* Product family: artix7
* Target device:  xc7a50ti-csg324-1L


================================================================
== Performance Estimates
================================================================
+ Timing: 
    * Summary: 
    +--------+----------+----------+------------+
    |  Clock |  Target  | Estimated| Uncertainty|
    +--------+----------+----------+------------+
    |ap_clk  |  10.00 ns|  8.542 ns|     2.70 ns|
    +--------+----------+----------+------------+

+ Latency: 
    * Summary: 
    +---------+---------+----------+----------+-----+-----+---------+
    |  Latency (cycles) |  Latency (absolute) |  Interval | Pipeline|
    |   min   |   max   |    min   |    max   | min | max |   Type  |
    +---------+---------+----------+----------+-----+-----+---------+
    |        ?|        ?|         ?|         ?|    ?|    ?|       no|
    +---------+---------+----------+----------+-----+-----+---------+

    + Detail: 
        * Instance: 
        +---------------------------------------------------------------+----------------------------------------------------+---------+---------+----------+----------+-------+-------+---------+
        |                                                               |                                                    |  Latency (cycles) |  Latency (absolute) |    Interval   | Pipeline|
        |                            Instance                           |                       Module                       |   min   |   max   |    min   |    max   |  min  |  max  |   Type  |
        +---------------------------------------------------------------+----------------------------------------------------+---------+---------+----------+----------+-------+-------+---------+
        |grp_detectFaces_Pipeline_VITIS_LOOP_2850_1_fu_251              |detectFaces_Pipeline_VITIS_LOOP_2850_1              |      322|      322|  3.220 us|  3.220 us|    322|    322|       no|
        |grp_detectFaces_Pipeline_VITIS_LOOP_2855_2_fu_260              |detectFaces_Pipeline_VITIS_LOOP_2855_2              |      102|      102|  1.020 us|  1.020 us|    102|    102|       no|
        |grp_detectFaces_Pipeline_VITIS_LOOP_2922_3_fu_272              |detectFaces_Pipeline_VITIS_LOOP_2922_3              |      102|      102|  1.020 us|  1.020 us|    102|    102|       no|
        |grp_detectFaces_Pipeline_imageScalerL1_imageScalerL1_1_fu_288  |detectFaces_Pipeline_imageScalerL1_imageScalerL1_1  |    76806|    76806|  0.768 ms|  0.768 ms|  76806|  76806|       no|
        |grp_processImage_fu_299                                        |processImage                                        |        ?|        ?|         ?|         ?|      ?|      ?|       no|
        +---------------------------------------------------------------+----------------------------------------------------+---------+---------+----------+----------+-------+-------+---------+

        * Loop: 
        +----------+---------+---------+----------+-----------+-----------+------+----------+
        |          |  Latency (cycles) | Iteration|  Initiation Interval  | Trip |          |
        | Loop Name|   min   |   max   |  Latency |  achieved |   target  | Count| Pipelined|
        +----------+---------+---------+----------+-----------+-----------+------+----------+
        |- L1      |        ?|        ?|         ?|          -|          -|    13|        no|
        +----------+---------+---------+----------+-----------+-----------+------+----------+



================================================================
== Utilization Estimates
================================================================
* Summary: 
+-----------------+---------+-----+-------+-------+-----+
|       Name      | BRAM_18K| DSP |   FF  |  LUT  | URAM|
+-----------------+---------+-----+-------+-------+-----+
|DSP              |        -|    -|      -|      -|    -|
|Expression       |        -|    -|      0|   2864|    -|
|FIFO             |        -|    -|      -|      -|    -|
|Instance         |      114|   81|  62382|  87772|    0|
|Memory           |      132|    -|      0|      0|    0|
|Multiplexer      |        -|    -|      -|    906|    -|
|Register         |        -|    -|    924|      -|    -|
+-----------------+---------+-----+-------+-------+-----+
|Total            |      246|   81|  63306|  91542|    0|
+-----------------+---------+-----+-------+-------+-----+
|Available        |      150|  120|  65200|  32600|    0|
+-----------------+---------+-----+-------+-------+-----+
|Utilization (%)  |      164|   67|     97|    280|    0|
+-----------------+---------+-----+-------+-------+-----+

+ Detail: 
    * Instance: 
    +---------------------------------------------------------------+----------------------------------------------------+---------+----+-------+-------+-----+
    |                            Instance                           |                       Module                       | BRAM_18K| DSP|   FF  |  LUT  | URAM|
    +---------------------------------------------------------------+----------------------------------------------------+---------+----+-------+-------+-----+
    |dadd_64ns_64ns_64_8_full_dsp_1_U866                            |dadd_64ns_64ns_64_8_full_dsp_1                      |        0|   3|    685|    708|    0|
    |grp_detectFaces_Pipeline_VITIS_LOOP_2850_1_fu_251              |detectFaces_Pipeline_VITIS_LOOP_2850_1              |        0|   0|     21|     94|    0|
    |grp_detectFaces_Pipeline_VITIS_LOOP_2855_2_fu_260              |detectFaces_Pipeline_VITIS_LOOP_2855_2              |        0|   0|      9|     55|    0|
    |grp_detectFaces_Pipeline_VITIS_LOOP_2922_3_fu_272              |detectFaces_Pipeline_VITIS_LOOP_2922_3              |        0|   0|     17|     66|    0|
    |grp_detectFaces_Pipeline_imageScalerL1_imageScalerL1_1_fu_288  |detectFaces_Pipeline_imageScalerL1_imageScalerL1_1  |        0|   3|    481|    591|    0|
    |fcmp_32ns_32ns_1_2_no_dsp_1_U864                               |fcmp_32ns_32ns_1_2_no_dsp_1                         |        0|   0|      0|      0|    0|
    |fcmp_32ns_32ns_1_2_no_dsp_1_U865                               |fcmp_32ns_32ns_1_2_no_dsp_1                         |        0|   0|      0|      0|    0|
    |fdiv_32ns_32ns_32_16_no_dsp_1_U861                             |fdiv_32ns_32ns_32_16_no_dsp_1                       |        0|   0|      0|      0|    0|
    |fdiv_32ns_32ns_32_16_no_dsp_1_U862                             |fdiv_32ns_32ns_32_16_no_dsp_1                       |        0|   0|      0|      0|    0|
    |fmul_32ns_32ns_32_4_max_dsp_1_U860                             |fmul_32ns_32ns_32_4_max_dsp_1                       |        0|   3|    143|    140|    0|
    |fpext_32ns_64_2_no_dsp_1_U863                                  |fpext_32ns_64_2_no_dsp_1                            |        0|   0|      0|      0|    0|
    |grp_processImage_fu_299                                        |processImage                                        |      114|  72|  60238|  85642|    0|
    |sdiv_26ns_32ns_24_30_seq_1_U868                                |sdiv_26ns_32ns_24_30_seq_1                          |        0|   0|    394|    238|    0|
    |sdiv_27ns_32ns_27_31_seq_1_U867                                |sdiv_27ns_32ns_27_31_seq_1                          |        0|   0|    394|    238|    0|
    +---------------------------------------------------------------+----------------------------------------------------+---------+----+-------+-------+-----+
    |Total                                                          |                                                    |      114|  81|  62382|  87772|    0|
    +---------------------------------------------------------------+----------------------------------------------------+---------+----+-------+-------+-----+

    * DSP: 
    N/A

    * Memory: 
    +------------------+------------------------------+---------+---+----+-----+-------+-----+------+-------------+
    |      Memory      |            Module            | BRAM_18K| FF| LUT| URAM| Words | Bits| Banks| W*Bits*Banks|
    +------------------+------------------------------+---------+---+----+-----+-------+-----+------+-------------+
    |Data_U            |Data_RAM_AUTO_1R1W            |       64|  0|   0|    0|  76800|    8|     1|       614400|
    |IMG1_data_U       |IMG1_data_RAM_AUTO_1R1W       |       64|  0|   0|    0|  76800|    8|     1|       614400|
    |result_x_Scale_U  |result_x_Scale_RAM_AUTO_1R1W  |        1|  0|   0|    0|    100|   32|     1|         3200|
    |result_y_Scale_U  |result_x_Scale_RAM_AUTO_1R1W  |        1|  0|   0|    0|    100|   32|     1|         3200|
    |result_w_Scale_U  |result_x_Scale_RAM_AUTO_1R1W  |        1|  0|   0|    0|    100|   32|     1|         3200|
    |result_h_Scale_U  |result_x_Scale_RAM_AUTO_1R1W  |        1|  0|   0|    0|    100|   32|     1|         3200|
    +------------------+------------------------------+---------+---+----+-----+-------+-----+------+-------------+
    |Total             |                              |      132|  0|   0|    0| 154000|  144|     6|      1241600|
    +------------------+------------------------------+---------+---+----+-----+-------+-----+------+-------------+

    * FIFO: 
    N/A

    * Expression: 
    +---------------------------------+----------+----+---+-----+------------+------------+
    |          Variable Name          | Operation| DSP| FF| LUT | Bitwidth P0| Bitwidth P1|
    +---------------------------------+----------+----+---+-----+------------+------------+
    |add_ln2851_fu_433_p2             |         +|   0|  0|   24|          17|          17|
    |add_ln2853_fu_440_p2             |         +|   0|  0|   39|          32|           1|
    |add_ln317_1_fu_674_p2            |         +|   0|  0|   16|           9|           8|
    |add_ln317_fu_590_p2              |         +|   0|  0|   16|           9|           8|
    |add_ln486_fu_869_p2              |         +|   0|  0|   19|          12|          11|
    |x_ratio_fu_965_p2                |         +|   0|  0|   35|          28|           1|
    |y_ratio_fu_988_p2                |         +|   0|  0|   31|          24|           1|
    |result_13_fu_921_p2              |         -|   0|  0|   39|           1|          32|
    |result_17_fu_933_p2              |         -|   0|  0|   39|           1|          32|
    |result_fu_1028_p2                |         -|   0|  0|   39|           1|          32|
    |sub_ln18_2_fu_604_p2             |         -|   0|  0|   15|           7|           8|
    |sub_ln18_3_fu_688_p2             |         -|   0|  0|   15|           7|           8|
    |sub_ln18_fu_883_p2               |         -|   0|  0|   18|          10|          11|
    |sub_ln3417_fu_948_p2             |         -|   0|  0|   34|           1|          27|
    |sub_ln3418_fu_975_p2             |         -|   0|  0|   31|           1|          24|
    |and_ln2815_fu_820_p2             |       and|   0|  0|    2|           1|           1|
    |and_ln2885_1_fu_511_p2           |       and|   0|  0|    2|           1|           1|
    |and_ln2885_2_fu_552_p2           |       and|   0|  0|    2|           1|           1|
    |and_ln2885_fu_558_p2             |       and|   0|  0|    2|           1|           1|
    |ap_block_state2_on_subcall_done  |       and|   0|  0|    2|           1|           1|
    |icmp_ln2815_4_fu_810_p2          |      icmp|   0|  0|   30|          23|           1|
    |icmp_ln2815_fu_804_p2            |      icmp|   0|  0|   15|           8|           2|
    |icmp_ln2849_fu_411_p2            |      icmp|   0|  0|   39|          32|           8|
    |icmp_ln2854_fu_452_p2            |      icmp|   0|  0|   39|          32|           8|
    |icmp_ln2885_1_fu_499_p2          |      icmp|   0|  0|   30|          23|           1|
    |icmp_ln2885_2_fu_534_p2          |      icmp|   0|  0|   15|           8|           2|
    |icmp_ln2885_3_fu_540_p2          |      icmp|   0|  0|   30|          23|           1|
    |icmp_ln2885_fu_493_p2            |      icmp|   0|  0|   15|           8|           2|
    |lshr_ln18_2_fu_630_p2            |      lshr|   0|  0|  242|          79|          79|
    |lshr_ln18_3_fu_731_p2            |      lshr|   0|  0|  242|          79|          79|
    |lshr_ln18_fu_909_p2              |      lshr|   0|  0|  460|         137|         137|
    |or_ln2815_fu_816_p2              |        or|   0|  0|    2|           1|           1|
    |or_ln2885_1_fu_546_p2            |        or|   0|  0|    2|           1|           1|
    |or_ln2885_fu_505_p2              |        or|   0|  0|    2|           1|           1|
    |grp_fu_770_p1                    |    select|   0|  0|   32|           1|          32|
    |result_19_fu_1034_p3             |    select|   0|  0|   32|           1|          32|
    |result_20_fu_926_p3              |    select|   0|  0|   32|           1|          32|
    |result_21_fu_938_p3              |    select|   0|  0|   32|           1|          32|
    |select_ln18_4_fu_614_p3          |    select|   0|  0|    9|           1|           9|
    |select_ln18_6_fu_698_p3          |    select|   0|  0|    9|           1|           9|
    |select_ln18_fu_893_p3            |    select|   0|  0|   12|           1|          12|
    |select_ln2815_fu_825_p3          |    select|   0|  0|   64|           1|          62|
    |select_ln3417_fu_954_p3          |    select|   0|  0|   27|           1|          27|
    |select_ln3418_fu_981_p3          |    select|   0|  0|   24|           1|          24|
    |val_3_fu_763_p3                  |    select|   0|  0|   32|           1|          32|
    |val_fu_1023_p3                   |    select|   0|  0|   32|           1|          32|
    |shl_ln18_2_fu_636_p2             |       shl|   0|  0|  242|          79|          79|
    |shl_ln18_3_fu_737_p2             |       shl|   0|  0|  242|          79|          79|
    |shl_ln18_fu_915_p2               |       shl|   0|  0|  460|         137|         137|
    +---------------------------------+----------+----+---+-----+------------+------------+
    |Total                            |          |   0|  0| 2864|         927|        1179|
    +---------------------------------+----------+----+---+-----+------------+------------+

    * Multiplexer: 
    +-------------------------+-----+-----------+-----+-----------+
    |           Name          | LUT | Input Size| Bits| Total Bits|
    +-------------------------+-----+-----------+-----+-----------+
    |Data_address0            |   13|          3|   17|         51|
    |Data_ce0                 |   13|          3|    1|          3|
    |Data_we0                 |    9|          2|    1|          2|
    |IMG1_data_address0       |   13|          3|   17|         51|
    |IMG1_data_ce0            |   13|          3|    1|          3|
    |IMG1_data_we0            |    9|          2|    1|          2|
    |ap_NS_fsm                |  253|         59|    1|         59|
    |factor_fu_224            |    9|          2|   32|         64|
    |grp_fu_359_ce            |    9|          2|    1|          2|
    |grp_fu_359_p0            |   17|          4|   32|        128|
    |grp_fu_359_p1            |   17|          4|   32|        128|
    |grp_fu_375_ce            |    9|          2|    1|          2|
    |grp_fu_375_p0            |   13|          3|   32|         96|
    |grp_fu_378_ce            |    9|          2|    1|          2|
    |grp_fu_378_opcode        |   17|          4|    5|         20|
    |grp_fu_378_p0            |   17|          4|   32|        128|
    |grp_fu_378_p1            |   17|          4|   32|        128|
    |grp_fu_383_ce            |    9|          2|    1|          2|
    |grp_fu_383_opcode        |   13|          3|    5|         15|
    |grp_fu_383_p0            |   13|          3|   32|         96|
    |grp_fu_383_p1            |   13|          3|   32|         96|
    |grp_fu_389_ce            |    9|          2|    1|          2|
    |grp_fu_389_p0            |   13|          3|   64|        192|
    |grp_fu_389_p1            |   13|          3|   64|        192|
    |res_size_Scale_0_fu_228  |    9|          2|   32|         64|
    |result_h_Scale_address0  |   13|          3|    7|         21|
    |result_h_Scale_ce0       |   13|          3|    1|          3|
    |result_h_Scale_we0       |    9|          2|    1|          2|
    |result_h_address0        |   13|          3|    7|         21|
    |result_h_ce0             |   13|          3|    1|          3|
    |result_h_d0              |   13|          3|   32|         96|
    |result_h_we0             |   13|          3|    1|          3|
    |result_w_Scale_address0  |   13|          3|    7|         21|
    |result_w_Scale_ce0       |   13|          3|    1|          3|
    |result_w_Scale_we0       |    9|          2|    1|          2|
    |result_w_address0        |   13|          3|    7|         21|
    |result_w_ce0             |   13|          3|    1|          3|
    |result_w_d0              |   13|          3|   32|         96|
    |result_w_we0             |   13|          3|    1|          3|
    |result_x_Scale_address0  |   13|          3|    7|         21|
    |result_x_Scale_ce0       |   13|          3|    1|          3|
    |result_x_Scale_we0       |    9|          2|    1|          2|
    |result_x_address0        |   13|          3|    7|         21|
    |result_x_ce0             |   13|          3|    1|          3|
    |result_x_d0              |   13|          3|   32|         96|
    |result_x_we0             |   13|          3|    1|          3|
    |result_y_Scale_address0  |   13|          3|    7|         21|
    |result_y_Scale_ce0       |   13|          3|    1|          3|
    |result_y_Scale_we0       |    9|          2|    1|          2|
    |result_y_address0        |   13|          3|    7|         21|
    |result_y_ce0             |   13|          3|    1|          3|
    |result_y_d0              |   13|          3|   32|         96|
    |result_y_we0             |   13|          3|    1|          3|
    |storemerge_reg_239       |    9|          2|   32|         64|
    +-------------------------+-----+-----------+-----+-----------+
    |Total                    |  906|        209|  702|       2188|
    +-------------------------+-----+-----------+-----+-----------+

    * Register: 
    +----------------------------------------------------------------------------+----+----+-----+-----------+
    |                                    Name                                    | FF | LUT| Bits| Const Bits|
    +----------------------------------------------------------------------------+----+----+-----+-----------+
    |add_ln2851_reg_1050                                                         |  11|   0|   17|          6|
    |ap_CS_fsm                                                                   |  58|   0|   58|          0|
    |conv_i_reg_1165                                                             |  64|   0|   64|          0|
    |counter                                                                     |  32|   0|   32|          0|
    |dc_2_reg_1079                                                               |  32|   0|   32|          0|
    |dc_3_reg_1085                                                               |  32|   0|   32|          0|
    |dc_reg_1180                                                                 |  64|   0|   64|          0|
    |factor_2_reg_1073                                                           |  32|   0|   32|          0|
    |factor_fu_224                                                               |  32|   0|   32|          0|
    |grp_detectFaces_Pipeline_VITIS_LOOP_2850_1_fu_251_ap_start_reg              |   1|   0|    1|          0|
    |grp_detectFaces_Pipeline_VITIS_LOOP_2855_2_fu_260_ap_start_reg              |   1|   0|    1|          0|
    |grp_detectFaces_Pipeline_VITIS_LOOP_2922_3_fu_272_ap_start_reg              |   1|   0|    1|          0|
    |grp_detectFaces_Pipeline_imageScalerL1_imageScalerL1_1_fu_288_ap_start_reg  |   1|   0|    1|          0|
    |grp_processImage_fu_299_ap_start_reg                                        |   1|   0|    1|          0|
    |icmp_ln2815_4_reg_1160                                                      |   1|   0|    1|          0|
    |icmp_ln2815_reg_1155                                                        |   1|   0|    1|          0|
    |icmp_ln2849_reg_1046                                                        |   1|   0|    1|          0|
    |icmp_ln2854_reg_1055                                                        |   1|   0|    1|          0|
    |reg_393                                                                     |  32|   0|   32|          0|
    |res_size_Scale_0_fu_228                                                     |  32|   0|   32|          0|
    |res_size_Scale_0_load_reg_1091                                              |  32|   0|   32|          0|
    |result_19_reg_1237                                                          |  32|   0|   32|          0|
    |result_20_reg_1200                                                          |  32|   0|   32|          0|
    |result_21_reg_1206                                                          |  32|   0|   32|          0|
    |sdiv_ln3417_reg_1185                                                        |  27|   0|   27|          0|
    |sdiv_ln3418_reg_1190                                                        |  24|   0|   24|          0|
    |select_ln18_6_reg_1136                                                      |   9|   0|    9|          0|
    |storemerge_reg_239                                                          |  32|   0|   32|          0|
    |tmp_12_reg_1110                                                             |   1|   0|    1|          0|
    |tmp_14_reg_1131                                                             |   1|   0|    1|          0|
    |tmp_15_reg_1222                                                             |  32|   0|   32|          0|
    |tmp_16_reg_1227                                                             |  32|   0|   32|          0|
    |tmp_29_reg_1170                                                             |   1|   0|    1|          0|
    |tmp_31_reg_1115                                                             |  32|   0|   32|          0|
    |tmp_32_reg_1120                                                             |  32|   0|   32|          0|
    |tmp_reg_1195                                                                |   1|   0|    1|          0|
    |trunc_ln2885_1_reg_1096                                                     |  23|   0|   23|          0|
    |val_2_reg_1141                                                              |  32|   0|   32|          0|
    |val_3_reg_1148                                                              |  32|   0|   32|          0|
    |x_ratio_reg_1212                                                            |  28|   0|   28|          0|
    |xs_sign_2_reg_1104                                                          |   1|   0|    1|          0|
    |xs_sign_3_reg_1125                                                          |   1|   0|    1|          0|
    |xs_sign_reg_1232                                                            |   1|   0|    1|          0|
    |y_ratio_reg_1217                                                            |  24|   0|   24|          0|
    +----------------------------------------------------------------------------+----+----+-----+-----------+
    |Total                                                                       | 924|   0|  930|          6|
    +----------------------------------------------------------------------------+----+----+-----+-----------+



================================================================
== Interface
================================================================
* Summary: 
+--------------------+-----+-----+------------+--------------+--------------+
|      RTL Ports     | Dir | Bits|  Protocol  | Source Object|    C Type    |
+--------------------+-----+-----+------------+--------------+--------------+
|ap_clk              |   in|    1|  ap_ctrl_hs|   detectFaces|  return value|
|ap_rst              |   in|    1|  ap_ctrl_hs|   detectFaces|  return value|
|ap_start            |   in|    1|  ap_ctrl_hs|   detectFaces|  return value|
|ap_done             |  out|    1|  ap_ctrl_hs|   detectFaces|  return value|
|ap_idle             |  out|    1|  ap_ctrl_hs|   detectFaces|  return value|
|ap_ready            |  out|    1|  ap_ctrl_hs|   detectFaces|  return value|
|inData_address0     |  out|    9|   ap_memory|        inData|         array|
|inData_ce0          |  out|    1|   ap_memory|        inData|         array|
|inData_q0           |   in|    8|   ap_memory|        inData|         array|
|result_x_address0   |  out|    7|   ap_memory|      result_x|         array|
|result_x_ce0        |  out|    1|   ap_memory|      result_x|         array|
|result_x_we0        |  out|    1|   ap_memory|      result_x|         array|
|result_x_d0         |  out|   32|   ap_memory|      result_x|         array|
|result_y_address0   |  out|    7|   ap_memory|      result_y|         array|
|result_y_ce0        |  out|    1|   ap_memory|      result_y|         array|
|result_y_we0        |  out|    1|   ap_memory|      result_y|         array|
|result_y_d0         |  out|   32|   ap_memory|      result_y|         array|
|result_w_address0   |  out|    7|   ap_memory|      result_w|         array|
|result_w_ce0        |  out|    1|   ap_memory|      result_w|         array|
|result_w_we0        |  out|    1|   ap_memory|      result_w|         array|
|result_w_d0         |  out|   32|   ap_memory|      result_w|         array|
|result_h_address0   |  out|    7|   ap_memory|      result_h|         array|
|result_h_ce0        |  out|    1|   ap_memory|      result_h|         array|
|result_h_we0        |  out|    1|   ap_memory|      result_h|         array|
|result_h_d0         |  out|   32|   ap_memory|      result_h|         array|
|result_size         |  out|   32|      ap_vld|   result_size|       pointer|
|result_size_ap_vld  |  out|    1|      ap_vld|   result_size|       pointer|
+--------------------+-----+-----+------------+--------------+--------------+

